[Fri Apr 25 04:46:42 2025] [visual] SDL initialized
[Fri Apr 25 04:46:42 2025] [visual] TTF initialized
[Fri Apr 25 04:46:42 2025] [visual] Window created
[Fri Apr 25 04:46:42 2025] [visual] Renderer created
[Fri Apr 25 04:46:42 2025] [visual] Font loaded
[Fri Apr 25 04:46:42 2025] [visual] Total nodes displayed: 0
[Fri Apr 25 04:46:43 2025] [visual] Window resized to 1920x946
[Fri Apr 25 04:46:43 2025] [visual] Total nodes displayed: 0
[Fri Apr 25 04:46:47 2025] [visual] Fullscreen enabled
[Fri Apr 25 04:46:47 2025] [visual] Total nodes displayed: 0
[Fri Apr 25 04:46:48 2025] [visual] Window resized to 1920x1080
[Fri Apr 25 04:46:48 2025] [visual] Total nodes displayed: 0
[Fri Apr 25 04:46:48 2025] [visual] Fullscreen disabled
[Fri Apr 25 04:46:48 2025] [visual] Total nodes displayed: 0
[Fri Apr 25 04:46:48 2025] [visual] Window resized to 1920x946
[Fri Apr 25 04:46:48 2025] [visual] Total nodes displayed: 0
[Fri Apr 25 04:46:50 2025] [visual] Window resized to 1500x1200
[Fri Apr 25 04:46:50 2025] [visual] Total nodes displayed: 0
[Fri Apr 25 04:46:56 2025] [visual] Total nodes displayed: 1
[Fri Apr 25 04:46:56 2025] [visual] Total nodes displayed: 1
[Fri Apr 25 04:46:57 2025] [visual] Total nodes displayed: 1
[Fri Apr 25 04:46:57 2025] [visual] Total nodes displayed: 1
[Fri Apr 25 04:46:57 2025] [visual] Total nodes displayed: 1
[Fri Apr 25 04:46:57 2025] [visual] Total nodes displayed: 1
[Fri Apr 25 04:46:57 2025] [visual] Total nodes displayed: 1
[Fri Apr 25 04:46:57 2025] [visual] Total nodes displayed: 1
[Fri Apr 25 04:46:57 2025] [visual] Total nodes displayed: 1
[Fri Apr 25 04:46:57 2025] [visual] Total nodes displayed: 1
[Fri Apr 25 04:46:57 2025] [visual] Total nodes displayed: 1
[Fri Apr 25 04:46:57 2025] [visual] Total nodes displayed: 1
[Fri Apr 25 04:46:58 2025] [visual] Total nodes displayed: 1
[Fri Apr 25 04:46:58 2025] [visual] Total nodes displayed: 1
[Fri Apr 25 04:46:58 2025] [visual] Total nodes displayed: 1
[Fri Apr 25 04:46:58 2025] [visual] Total nodes displayed: 1
[Fri Apr 25 04:46:58 2025] [visual] Total nodes displayed: 1
[Fri Apr 25 04:46:58 2025] [visual] Total nodes displayed: 1
[Fri Apr 25 04:46:58 2025] [visual] Total nodes displayed: 1
[Fri Apr 25 04:46:58 2025] [visual] Total nodes displayed: 1
[Fri Apr 25 04:46:58 2025] [visual] Total nodes displayed: 1
[Fri Apr 25 04:46:58 2025] [visual] Total nodes displayed: 1
[Fri Apr 25 04:46:59 2025] [visual] Total nodes displayed: 1
[Fri Apr 25 04:46:59 2025] [visual] Total nodes displayed: 1
[Fri Apr 25 04:46:59 2025] [visual] Total nodes displayed: 1
[Fri Apr 25 04:46:59 2025] [visual] Total nodes displayed: 1
[Fri Apr 25 04:46:59 2025] [visual] Total nodes displayed: 1
[Fri Apr 25 04:46:59 2025] [visual] Total nodes displayed: 1
[Fri Apr 25 04:46:59 2025] [visual] Total nodes displayed: 1
[Fri Apr 25 04:46:59 2025] [visual] Total nodes displayed: 1
[Fri Apr 25 04:46:59 2025] [visual] Total nodes displayed: 1
[Fri Apr 25 04:46:59 2025] [visual] Total nodes displayed: 1
[Fri Apr 25 04:47:00 2025] [visual] Total nodes displayed: 1
[Fri Apr 25 04:47:00 2025] [visual] Total nodes displayed: 1
[Fri Apr 25 04:47:00 2025] [visual] Total nodes displayed: 1
[Fri Apr 25 04:47:00 2025] [visual] Total nodes displayed: 1
[Fri Apr 25 04:47:00 2025] [visual] Total nodes displayed: 1
[Fri Apr 25 04:47:00 2025] [visual] Total nodes displayed: 1
[Fri Apr 25 04:47:00 2025] [visual] Total nodes displayed: 1
[Fri Apr 25 04:47:00 2025] [visual] Total nodes displayed: 1
[Fri Apr 25 04:47:00 2025] [visual] Total nodes displayed: 1
[Fri Apr 25 04:47:00 2025] [visual] Total nodes displayed: 1
[Fri Apr 25 04:47:01 2025] [visual] Total nodes displayed: 1
[Fri Apr 25 04:47:01 2025] [visual] Total nodes displayed: 1
[Fri Apr 25 04:47:01 2025] [visual] Total nodes displayed: 1
[Fri Apr 25 04:47:01 2025] [visual] Total nodes displayed: 1
[Fri Apr 25 04:47:01 2025] [visual] Total nodes displayed: 1
[Fri Apr 25 04:47:01 2025] [visual] Total nodes displayed: 1
[Fri Apr 25 04:47:01 2025] [visual] Total nodes displayed: 1
[Fri Apr 25 04:47:01 2025] [visual] Total nodes displayed: 1
[Fri Apr 25 04:47:02 2025] [visual] Total nodes displayed: 1
[Fri Apr 25 04:47:02 2025] [visual] Total nodes displayed: 1
[Fri Apr 25 04:47:02 2025] [visual] Total nodes displayed: 1
[Fri Apr 25 04:47:02 2025] [visual] Total nodes displayed: 1
[Fri Apr 25 04:47:02 2025] [visual] Total nodes displayed: 1
[Fri Apr 25 04:47:02 2025] [visual] Total nodes displayed: 1
[Fri Apr 25 04:47:02 2025] [visual] Total nodes displayed: 1
[Fri Apr 25 04:47:02 2025] [visual] Total nodes displayed: 1
[Fri Apr 25 04:47:02 2025] [visual] Total nodes displayed: 1
[Fri Apr 25 04:47:02 2025] [visual] Total nodes displayed: 1
[Fri Apr 25 04:47:03 2025] [visual] Total nodes displayed: 1
[Fri Apr 25 04:47:03 2025] [visual] Total nodes displayed: 1
[Fri Apr 25 04:47:03 2025] [visual] Total nodes displayed: 1
[Fri Apr 25 04:47:03 2025] [visual] Total nodes displayed: 1
[Fri Apr 25 04:47:03 2025] [visual] Total nodes displayed: 1
[Fri Apr 25 04:47:03 2025] [visual] Total nodes displayed: 1
[Fri Apr 25 04:47:03 2025] [visual] Total nodes displayed: 1
[Fri Apr 25 04:47:03 2025] [visual] Total nodes displayed: 1
[Fri Apr 25 04:47:03 2025] [visual] Total nodes displayed: 1
[Fri Apr 25 04:47:03 2025] [visual] Total nodes displayed: 1
[Fri Apr 25 04:47:04 2025] [visual] Total nodes displayed: 1
[Fri Apr 25 04:47:04 2025] [visual] Total nodes displayed: 1
[Fri Apr 25 04:47:04 2025] [visual] Total nodes displayed: 1
[Fri Apr 25 04:47:04 2025] [visual] Total nodes displayed: 1
[Fri Apr 25 04:47:04 2025] [visual] Total nodes displayed: 1
[Fri Apr 25 04:47:04 2025] [visual] Total nodes displayed: 1
[Fri Apr 25 04:47:04 2025] [visual] Total nodes displayed: 1
[Fri Apr 25 04:47:04 2025] [visual] Total nodes displayed: 1
[Fri Apr 25 04:47:04 2025] [visual] Total nodes displayed: 1
[Fri Apr 25 04:47:04 2025] [visual] Total nodes displayed: 1
[Fri Apr 25 04:47:05 2025] [visual] Total nodes displayed: 1
[Fri Apr 25 04:47:05 2025] [visual] Total nodes displayed: 1
[Fri Apr 25 04:47:05 2025] [visual] Total nodes displayed: 1
[Fri Apr 25 04:47:05 2025] [visual] Total nodes displayed: 1
[Fri Apr 25 04:47:05 2025] [visual] Total nodes displayed: 1
[Fri Apr 25 04:47:05 2025] [visual] Total nodes displayed: 1
[Fri Apr 25 04:47:05 2025] [visual] Total nodes displayed: 1
[Fri Apr 25 04:47:05 2025] [visual] Total nodes displayed: 1
[Fri Apr 25 04:47:05 2025] [visual] Total nodes displayed: 1
[Fri Apr 25 04:47:05 2025] [visual] Total nodes displayed: 1
[Fri Apr 25 04:47:06 2025] [visual] Total nodes displayed: 1
[Fri Apr 25 04:47:06 2025] [visual] Total nodes displayed: 1
[Fri Apr 25 04:47:06 2025] [visual] Total nodes displayed: 1
[Fri Apr 25 04:47:06 2025] [visual] Total nodes displayed: 1
[Fri Apr 25 04:47:06 2025] [visual] Total nodes displayed: 1
[Fri Apr 25 04:47:06 2025] [visual] Total nodes displayed: 1
[Fri Apr 25 04:47:06 2025] [visual] Total nodes displayed: 1
[Fri Apr 25 04:47:06 2025] [visual] Total nodes displayed: 1
[Fri Apr 25 04:47:06 2025] [visual] Total nodes displayed: 1
[Fri Apr 25 04:47:06 2025] [visual] Total nodes displayed: 1
[Fri Apr 25 04:47:07 2025] [visual] Total nodes displayed: 1
[Fri Apr 25 04:47:07 2025] [visual] Total nodes displayed: 1
[Fri Apr 25 04:47:07 2025] [visual] Total nodes displayed: 1
[Fri Apr 25 04:47:07 2025] [visual] Total nodes displayed: 1
[Fri Apr 25 04:47:07 2025] [visual] Total nodes displayed: 1
[Fri Apr 25 04:47:07 2025] [visual] Total nodes displayed: 1
[Fri Apr 25 04:47:07 2025] [visual] Total nodes displayed: 1
[Fri Apr 25 04:47:07 2025] [visual] Total nodes displayed: 1
[Fri Apr 25 04:47:08 2025] [visual] Total nodes displayed: 1
[Fri Apr 25 04:47:08 2025] [visual] Total nodes displayed: 1
[Fri Apr 25 04:47:08 2025] [visual] Total nodes displayed: 1
[Fri Apr 25 04:47:08 2025] [visual] Total nodes displayed: 1
[Fri Apr 25 04:47:08 2025] [visual] Total nodes displayed: 1
[Fri Apr 25 04:47:08 2025] [visual] Total nodes displayed: 1
[Fri Apr 25 04:47:08 2025] [visual] Total nodes displayed: 1
[Fri Apr 25 04:47:08 2025] [visual] Total nodes displayed: 1
[Fri Apr 25 04:47:08 2025] [visual] Total nodes displayed: 1
[Fri Apr 25 04:47:08 2025] [visual] Total nodes displayed: 1
[Fri Apr 25 04:47:09 2025] [visual] Total nodes displayed: 1
[Fri Apr 25 04:47:09 2025] [visual] Total nodes displayed: 1
[Fri Apr 25 04:47:09 2025] [visual] Total nodes displayed: 1
[Fri Apr 25 04:47:09 2025] [visual] Total nodes displayed: 1
[Fri Apr 25 04:47:09 2025] [visual] Total nodes displayed: 1
[Fri Apr 25 04:47:09 2025] [visual] Total nodes displayed: 1
[Fri Apr 25 04:47:09 2025] [visual] Total nodes displayed: 1
[Fri Apr 25 04:47:09 2025] [visual] Total nodes displayed: 1
[Fri Apr 25 04:47:09 2025] [visual] Total nodes displayed: 1
[Fri Apr 25 04:47:10 2025] [visual] Total nodes displayed: 1
[Fri Apr 25 04:47:10 2025] [visual] Total nodes displayed: 1
[Fri Apr 25 04:47:10 2025] [visual] Total nodes displayed: 1
[Fri Apr 25 04:47:10 2025] [visual] Total nodes displayed: 1
[Fri Apr 25 04:47:10 2025] [visual] Total nodes displayed: 1
[Fri Apr 25 04:47:10 2025] [visual] Total nodes displayed: 1
[Fri Apr 25 04:47:10 2025] [visual] Total nodes displayed: 1
[Fri Apr 25 04:47:10 2025] [visual] Total nodes displayed: 1
[Fri Apr 25 04:47:10 2025] [visual] Total nodes displayed: 1
[Fri Apr 25 04:47:10 2025] [visual] Total nodes displayed: 1
[Fri Apr 25 04:47:11 2025] [visual] Total nodes displayed: 1
[Fri Apr 25 04:47:11 2025] [visual] Total nodes displayed: 1
[Fri Apr 25 04:47:11 2025] [visual] Total nodes displayed: 1
[Fri Apr 25 04:47:11 2025] [visual] Total nodes displayed: 1
[Fri Apr 25 04:47:11 2025] [visual] Total nodes displayed: 1
[Fri Apr 25 04:47:11 2025] [visual] Total nodes displayed: 1
[Fri Apr 25 04:47:11 2025] [visual] Total nodes displayed: 1
[Fri Apr 25 04:47:11 2025] [visual] Total nodes displayed: 1
[Fri Apr 25 04:47:11 2025] [visual] Total nodes displayed: 1
[Fri Apr 25 04:47:11 2025] [visual] Total nodes displayed: 1
[Fri Apr 25 04:47:12 2025] [visual] Total nodes displayed: 1
[Fri Apr 25 04:47:12 2025] [visual] Total nodes displayed: 1
[Fri Apr 25 04:47:12 2025] [visual] Total nodes displayed: 1
[Fri Apr 25 04:47:12 2025] [visual] Total nodes displayed: 1
[Fri Apr 25 04:47:12 2025] [visual] Total nodes displayed: 1
[Fri Apr 25 04:47:12 2025] [visual] Total nodes displayed: 1
[Fri Apr 25 04:47:12 2025] [visual] Total nodes displayed: 1
[Fri Apr 25 04:47:12 2025] [visual] Total nodes displayed: 1
[Fri Apr 25 04:47:12 2025] [visual] Total nodes displayed: 1
[Fri Apr 25 04:47:13 2025] [visual] Total nodes displayed: 1
[Fri Apr 25 04:47:13 2025] [visual] Total nodes displayed: 1
[Fri Apr 25 04:47:13 2025] [visual] Total nodes displayed: 1
[Fri Apr 25 04:47:13 2025] [visual] Total nodes displayed: 1
[Fri Apr 25 04:47:13 2025] [visual] Total nodes displayed: 1
[Fri Apr 25 04:47:13 2025] [visual] Total nodes displayed: 1
[Fri Apr 25 04:47:13 2025] [visual] Total nodes displayed: 1
[Fri Apr 25 04:47:13 2025] [visual] Total nodes displayed: 1
[Fri Apr 25 04:47:13 2025] [visual] Total nodes displayed: 1
[Fri Apr 25 04:47:13 2025] [visual] Total nodes displayed: 1
[Fri Apr 25 04:47:14 2025] [visual] Total nodes displayed: 1
[Fri Apr 25 04:47:14 2025] [visual] Total nodes displayed: 1
[Fri Apr 25 04:47:14 2025] [visual] Total nodes displayed: 1
[Fri Apr 25 04:47:14 2025] [visual] Total nodes displayed: 1
[Fri Apr 25 04:47:14 2025] [visual] Total nodes displayed: 1
[Fri Apr 25 04:47:14 2025] [visual] Total nodes displayed: 1
[Fri Apr 25 04:47:14 2025] [visual] Total nodes displayed: 1
[Fri Apr 25 04:47:14 2025] [visual] Total nodes displayed: 1
[Fri Apr 25 04:47:14 2025] [visual] Total nodes displayed: 1
[Fri Apr 25 04:47:15 2025] [visual] Total nodes displayed: 1
[Fri Apr 25 04:47:15 2025] [visual] Total nodes displayed: 1
[Fri Apr 25 04:47:15 2025] [visual] Total nodes displayed: 1
[Fri Apr 25 04:47:15 2025] [visual] Total nodes displayed: 1
[Fri Apr 25 04:47:15 2025] [visual] Total nodes displayed: 1
[Fri Apr 25 04:47:15 2025] [visual] Total nodes displayed: 1
[Fri Apr 25 04:47:15 2025] [visual] Total nodes displayed: 1
[Fri Apr 25 04:47:15 2025] [visual] Total nodes displayed: 1
[Fri Apr 25 04:47:15 2025] [visual] Total nodes displayed: 1
[Fri Apr 25 04:47:15 2025] [visual] Total nodes displayed: 1
[Fri Apr 25 04:47:16 2025] [visual] Total nodes displayed: 1
[Fri Apr 25 04:47:16 2025] [visual] Total nodes displayed: 1
[Fri Apr 25 04:47:16 2025] [visual] Total nodes displayed: 1
[Fri Apr 25 04:47:16 2025] [visual] Total nodes displayed: 1
[Fri Apr 25 04:47:16 2025] [visual] Total nodes displayed: 1
[Fri Apr 25 04:47:16 2025] [visual] Total nodes displayed: 1
[Fri Apr 25 04:47:16 2025] [visual] Total nodes displayed: 1
[Fri Apr 25 04:47:16 2025] [visual] Total nodes displayed: 1
[Fri Apr 25 04:47:16 2025] [visual] Total nodes displayed: 1
[Fri Apr 25 04:47:16 2025] [visual] Total nodes displayed: 1
[Fri Apr 25 04:47:17 2025] [visual] Total nodes displayed: 1
[Fri Apr 25 04:47:17 2025] [visual] Total nodes displayed: 1
[Fri Apr 25 04:47:17 2025] [visual] Total nodes displayed: 1
[Fri Apr 25 04:47:17 2025] [visual] Total nodes displayed: 1
[Fri Apr 25 04:47:17 2025] [visual] Total nodes displayed: 1
[Fri Apr 25 04:47:17 2025] [visual] Total nodes displayed: 1
[Fri Apr 25 04:47:17 2025] [visual] Total nodes displayed: 1
[Fri Apr 25 04:47:17 2025] [visual] Total nodes displayed: 1
[Fri Apr 25 04:47:17 2025] [visual] Total nodes displayed: 1
[Fri Apr 25 04:47:18 2025] [visual] Total nodes displayed: 1
[Fri Apr 25 04:47:18 2025] [visual] Total nodes displayed: 1
[Fri Apr 25 04:47:18 2025] [visual] Total nodes displayed: 1
[Fri Apr 25 04:47:18 2025] [visual] Total nodes displayed: 1
[Fri Apr 25 04:47:18 2025] [visual] Total nodes displayed: 1
[Fri Apr 25 04:47:18 2025] [visual] Total nodes displayed: 1
[Fri Apr 25 04:47:18 2025] [visual] Total nodes displayed: 1
[Fri Apr 25 04:47:18 2025] [visual] Total nodes displayed: 1
[Fri Apr 25 04:47:18 2025] [visual] Total nodes displayed: 1
[Fri Apr 25 04:47:18 2025] [visual] Total nodes displayed: 1
[Fri Apr 25 04:47:19 2025] [visual] Total nodes displayed: 1
[Fri Apr 25 04:47:19 2025] [visual] Total nodes displayed: 1
[Fri Apr 25 04:47:19 2025] [visual] Total nodes displayed: 1
[Fri Apr 25 04:47:19 2025] [visual] Total nodes displayed: 1
[Fri Apr 25 04:47:19 2025] [visual] Total nodes displayed: 1
[Fri Apr 25 04:47:19 2025] [visual] Total nodes displayed: 1
[Fri Apr 25 04:47:19 2025] [visual] Total nodes displayed: 1
[Fri Apr 25 04:47:19 2025] [visual] Total nodes displayed: 1
[Fri Apr 25 04:47:19 2025] [visual] Total nodes displayed: 1
[Fri Apr 25 04:47:19 2025] [visual] Total nodes displayed: 1
[Fri Apr 25 04:47:20 2025] [visual] Total nodes displayed: 1
[Fri Apr 25 04:47:20 2025] [visual] Total nodes displayed: 1
[Fri Apr 25 04:47:20 2025] [visual] Total nodes displayed: 1
[Fri Apr 25 04:47:20 2025] [visual] Total nodes displayed: 1
[Fri Apr 25 04:47:20 2025] [visual] Total nodes displayed: 1
[Fri Apr 25 04:47:20 2025] [visual] Total nodes displayed: 1
[Fri Apr 25 04:47:20 2025] [visual] Total nodes displayed: 1
[Fri Apr 25 04:47:20 2025] [visual] Total nodes displayed: 1
[Fri Apr 25 04:47:20 2025] [visual] Total nodes displayed: 1
[Fri Apr 25 04:47:20 2025] [visual] Total nodes displayed: 1
[Fri Apr 25 04:47:21 2025] [visual] Total nodes displayed: 1
[Fri Apr 25 04:47:21 2025] [visual] Total nodes displayed: 1
[Fri Apr 25 04:47:21 2025] [visual] Total nodes displayed: 1
[Fri Apr 25 04:47:21 2025] [visual] Total nodes displayed: 1
[Fri Apr 25 04:47:21 2025] [visual] Total nodes displayed: 1
[Fri Apr 25 04:47:21 2025] [visual] Total nodes displayed: 1
[Fri Apr 25 04:47:21 2025] [visual] Total nodes displayed: 1
[Fri Apr 25 04:47:21 2025] [visual] Total nodes displayed: 1
[Fri Apr 25 04:47:21 2025] [visual] Total nodes displayed: 1
[Fri Apr 25 04:47:21 2025] [visual] Total nodes displayed: 1
[Fri Apr 25 04:47:22 2025] [visual] Total nodes displayed: 1
[Fri Apr 25 04:47:22 2025] [visual] Total nodes displayed: 1
[Fri Apr 25 04:47:22 2025] [visual] Total nodes displayed: 1
[Fri Apr 25 04:47:22 2025] [visual] Total nodes displayed: 1
[Fri Apr 25 04:47:22 2025] [visual] Total nodes displayed: 1
[Fri Apr 25 04:47:22 2025] [visual] Total nodes displayed: 1
[Fri Apr 25 04:47:22 2025] [visual] Total nodes displayed: 1
[Fri Apr 25 04:47:22 2025] [visual] Total nodes displayed: 1
[Fri Apr 25 04:47:22 2025] [visual] Total nodes displayed: 1
[Fri Apr 25 04:47:22 2025] [visual] Total nodes displayed: 1
[Fri Apr 25 04:47:23 2025] [visual] Total nodes displayed: 1
[Fri Apr 25 04:47:23 2025] [visual] Total nodes displayed: 1
[Fri Apr 25 04:47:23 2025] [visual] Total nodes displayed: 1
[Fri Apr 25 04:47:23 2025] [visual] Total nodes displayed: 1
[Fri Apr 25 04:47:23 2025] [visual] Total nodes displayed: 1
[Fri Apr 25 04:47:23 2025] [visual] Total nodes displayed: 1
[Fri Apr 25 04:47:23 2025] [visual] Total nodes displayed: 1
[Fri Apr 25 04:47:23 2025] [visual] Total nodes displayed: 1
[Fri Apr 25 04:47:23 2025] [visual] Total nodes displayed: 1
[Fri Apr 25 04:47:24 2025] [visual] Total nodes displayed: 1
[Fri Apr 25 04:47:24 2025] [visual] Total nodes displayed: 1
[Fri Apr 25 04:47:24 2025] [visual] Total nodes displayed: 1
[Fri Apr 25 04:47:24 2025] [visual] Total nodes displayed: 1
[Fri Apr 25 04:47:24 2025] [visual] Total nodes displayed: 1
[Fri Apr 25 04:47:24 2025] [visual] Total nodes displayed: 1
[Fri Apr 25 04:47:24 2025] [visual] Total nodes displayed: 1
[Fri Apr 25 04:47:24 2025] [visual] Total nodes displayed: 1
[Fri Apr 25 04:47:24 2025] [visual] Total nodes displayed: 1
[Fri Apr 25 04:47:24 2025] [visual] Total nodes displayed: 1
[Fri Apr 25 04:47:25 2025] [visual] Total nodes displayed: 1
[Fri Apr 25 04:47:25 2025] [visual] Total nodes displayed: 1
[Fri Apr 25 04:47:25 2025] [visual] Total nodes displayed: 1
[Fri Apr 25 04:47:25 2025] [visual] Total nodes displayed: 1
[Fri Apr 25 04:47:25 2025] [visual] Total nodes displayed: 1
[Fri Apr 25 04:47:25 2025] [visual] Total nodes displayed: 1
[Fri Apr 25 04:47:25 2025] [visual] Total nodes displayed: 1
[Fri Apr 25 04:47:25 2025] [visual] Total nodes displayed: 1
[Fri Apr 25 04:47:25 2025] [visual] Total nodes displayed: 1
[Fri Apr 25 04:47:25 2025] [visual] Total nodes displayed: 1
[Fri Apr 25 04:47:26 2025] [visual] Total nodes displayed: 1
[Fri Apr 25 04:47:26 2025] [visual] Total nodes displayed: 1
[Fri Apr 25 04:47:26 2025] [visual] Total nodes displayed: 1
[Fri Apr 25 04:47:26 2025] [visual] Total nodes displayed: 1
[Fri Apr 25 04:47:26 2025] [visual] Total nodes displayed: 1
[Fri Apr 25 04:47:26 2025] [visual] Total nodes displayed: 1
[Fri Apr 25 04:47:26 2025] [visual] Total nodes displayed: 1
[Fri Apr 25 04:47:26 2025] [visual] Total nodes displayed: 1
[Fri Apr 25 04:47:26 2025] [visual] Total nodes displayed: 1
[Fri Apr 25 04:47:26 2025] [visual] Total nodes displayed: 1
[Fri Apr 25 04:47:27 2025] [visual] Total nodes displayed: 1
[Fri Apr 25 04:47:27 2025] [visual] Total nodes displayed: 1
[Fri Apr 25 04:47:27 2025] [visual] Total nodes displayed: 1
[Fri Apr 25 04:47:27 2025] [visual] Total nodes displayed: 1
[Fri Apr 25 04:47:27 2025] [visual] Total nodes displayed: 1
[Fri Apr 25 04:47:27 2025] [visual] Total nodes displayed: 1
[Fri Apr 25 04:47:27 2025] [visual] Total nodes displayed: 1
[Fri Apr 25 04:47:27 2025] [visual] Total nodes displayed: 1
[Fri Apr 25 04:47:27 2025] [visual] Total nodes displayed: 1
[Fri Apr 25 04:47:27 2025] [visual] Total nodes displayed: 1
[Fri Apr 25 04:47:28 2025] [visual] Total nodes displayed: 1
[Fri Apr 25 04:47:28 2025] [visual] Total nodes displayed: 1
[Fri Apr 25 04:47:28 2025] [visual] Total nodes displayed: 1
[Fri Apr 25 04:47:28 2025] [visual] Visualizer closed
[Fri Apr 25 04:47:29 2025] [visual] SDL initialized
[Fri Apr 25 04:47:29 2025] [visual] TTF initialized
[Fri Apr 25 04:47:29 2025] [visual] Window created
[Fri Apr 25 04:47:30 2025] [visual] Renderer created
[Fri Apr 25 04:47:30 2025] [visual] Font loaded
[Fri Apr 25 04:47:30 2025] [visual] Total nodes displayed: 0
[Fri Apr 25 04:47:30 2025] [visual] Window resized to 1920x946
[Fri Apr 25 04:47:30 2025] [visual] Total nodes displayed: 0
[Fri Apr 25 04:47:32 2025] [visual] Total nodes displayed: 1
[Fri Apr 25 04:47:32 2025] [visual] Total nodes displayed: 1
[Fri Apr 25 04:47:32 2025] [visual] Total nodes displayed: 1
[Fri Apr 25 04:47:32 2025] [visual] Total nodes displayed: 1
[Fri Apr 25 04:47:32 2025] [visual] Total nodes displayed: 1
[Fri Apr 25 04:47:32 2025] [visual] Total nodes displayed: 1
[Fri Apr 25 04:47:32 2025] [visual] Total nodes displayed: 1
[Fri Apr 25 04:47:32 2025] [visual] Total nodes displayed: 1
[Fri Apr 25 04:47:32 2025] [visual] Total nodes displayed: 1
[Fri Apr 25 04:47:33 2025] [visual] Total nodes displayed: 1
[Fri Apr 25 04:47:33 2025] [visual] Total nodes displayed: 1
[Fri Apr 25 04:47:33 2025] [visual] Total nodes displayed: 1
[Fri Apr 25 04:47:33 2025] [visual] Total nodes displayed: 1
[Fri Apr 25 04:47:33 2025] [visual] Total nodes displayed: 1
[Fri Apr 25 04:47:33 2025] [visual] Total nodes displayed: 1
[Fri Apr 25 04:47:33 2025] [visual] Total nodes displayed: 1
[Fri Apr 25 04:47:33 2025] [visual] Total nodes displayed: 1
[Fri Apr 25 04:47:33 2025] [visual] Total nodes displayed: 1
[Fri Apr 25 04:47:34 2025] [visual] Total nodes displayed: 1
[Fri Apr 25 04:47:34 2025] [visual] Total nodes displayed: 1
[Fri Apr 25 04:47:34 2025] [visual] Total nodes displayed: 1
[Fri Apr 25 04:47:34 2025] [visual] Total nodes displayed: 1
[Fri Apr 25 04:47:34 2025] [visual] Total nodes displayed: 1
[Fri Apr 25 04:47:34 2025] [visual] Total nodes displayed: 1
[Fri Apr 25 04:47:34 2025] [visual] Total nodes displayed: 1
[Fri Apr 25 04:47:34 2025] [visual] Total nodes displayed: 1
[Fri Apr 25 04:47:34 2025] [visual] Total nodes displayed: 1
[Fri Apr 25 04:47:34 2025] [visual] Total nodes displayed: 1
[Fri Apr 25 04:47:35 2025] [visual] Total nodes displayed: 1
[Fri Apr 25 04:47:35 2025] [visual] Total nodes displayed: 3
[Fri Apr 25 04:47:35 2025] [visual] Total nodes displayed: 3
[Fri Apr 25 04:47:35 2025] [visual] Total nodes displayed: 3
[Fri Apr 25 04:47:35 2025] [visual] Total nodes displayed: 3
[Fri Apr 25 04:47:35 2025] [visual] Total nodes displayed: 3
[Fri Apr 25 04:47:35 2025] [visual] Total nodes displayed: 3
[Fri Apr 25 04:47:35 2025] [visual] Total nodes displayed: 3
[Fri Apr 25 04:47:35 2025] [visual] Total nodes displayed: 3
[Fri Apr 25 04:47:35 2025] [visual] Total nodes displayed: 3
[Fri Apr 25 04:47:36 2025] [visual] Total nodes displayed: 3
[Fri Apr 25 04:47:36 2025] [visual] Total nodes displayed: 3
[Fri Apr 25 04:47:36 2025] [visual] Total nodes displayed: 3
[Fri Apr 25 04:47:36 2025] [visual] Total nodes displayed: 3
[Fri Apr 25 04:47:36 2025] [visual] Total nodes displayed: 3
[Fri Apr 25 04:47:36 2025] [visual] Total nodes displayed: 3
[Fri Apr 25 04:47:36 2025] [visual] Total nodes displayed: 3
[Fri Apr 25 04:47:36 2025] [visual] Total nodes displayed: 3
[Fri Apr 25 04:47:36 2025] [visual] Total nodes displayed: 3
[Fri Apr 25 04:47:36 2025] [visual] Total nodes displayed: 3
[Fri Apr 25 04:47:37 2025] [visual] Total nodes displayed: 3
[Fri Apr 25 04:47:37 2025] [visual] Total nodes displayed: 4
[Fri Apr 25 04:47:37 2025] [visual] Total nodes displayed: 4
[Fri Apr 25 04:47:37 2025] [visual] Total nodes displayed: 4
[Fri Apr 25 04:47:37 2025] [visual] Total nodes displayed: 4
[Fri Apr 25 04:47:37 2025] [visual] Total nodes displayed: 4
[Fri Apr 25 04:47:37 2025] [visual] Total nodes displayed: 4
[Fri Apr 25 04:47:37 2025] [visual] Total nodes displayed: 4
[Fri Apr 25 04:47:37 2025] [visual] Total nodes displayed: 4
[Fri Apr 25 04:47:37 2025] [visual] Total nodes displayed: 4
[Fri Apr 25 04:47:38 2025] [visual] Total nodes displayed: 4
[Fri Apr 25 04:47:38 2025] [visual] Total nodes displayed: 4
[Fri Apr 25 04:47:38 2025] [visual] Total nodes displayed: 4
[Fri Apr 25 04:47:38 2025] [visual] Total nodes displayed: 4
[Fri Apr 25 04:47:38 2025] [visual] Total nodes displayed: 4
[Fri Apr 25 04:47:38 2025] [visual] Total nodes displayed: 4
[Fri Apr 25 04:47:38 2025] [visual] Total nodes displayed: 4
[Fri Apr 25 04:47:38 2025] [visual] Total nodes displayed: 4
[Fri Apr 25 04:47:38 2025] [visual] Total nodes displayed: 4
[Fri Apr 25 04:47:39 2025] [visual] Total nodes displayed: 4
[Fri Apr 25 04:47:39 2025] [visual] Total nodes displayed: 5
[Fri Apr 25 04:47:39 2025] [visual] Total nodes displayed: 5
[Fri Apr 25 04:47:39 2025] [visual] Total nodes displayed: 5
[Fri Apr 25 04:47:39 2025] [visual] Total nodes displayed: 5
[Fri Apr 25 04:47:39 2025] [visual] Total nodes displayed: 5
[Fri Apr 25 04:47:39 2025] [visual] Total nodes displayed: 5
[Fri Apr 25 04:47:39 2025] [visual] Total nodes displayed: 5
[Fri Apr 25 04:47:39 2025] [visual] Total nodes displayed: 5
[Fri Apr 25 04:47:39 2025] [visual] Total nodes displayed: 5
[Fri Apr 25 04:47:40 2025] [visual] Total nodes displayed: 5
[Fri Apr 25 04:47:40 2025] [visual] Total nodes displayed: 7
[Fri Apr 25 04:47:40 2025] [visual] Total nodes displayed: 7
[Fri Apr 25 04:47:40 2025] [visual] Total nodes displayed: 7
[Fri Apr 25 04:47:40 2025] [visual] Total nodes displayed: 7
[Fri Apr 25 04:47:40 2025] [visual] Total nodes displayed: 7
[Fri Apr 25 04:47:40 2025] [visual] Total nodes displayed: 7
[Fri Apr 25 04:47:40 2025] [visual] Total nodes displayed: 7
[Fri Apr 25 04:47:40 2025] [visual] Total nodes displayed: 7
[Fri Apr 25 04:47:41 2025] [visual] Total nodes displayed: 7
[Fri Apr 25 04:47:41 2025] [visual] Visualizer closed
[Fri Apr 25 04:56:08 2025] [visual] SDL initialized
[Fri Apr 25 04:56:08 2025] [visual] TTF initialized
[Fri Apr 25 04:56:08 2025] [visual] Window created
[Fri Apr 25 04:56:08 2025] [visual] Renderer created
[Fri Apr 25 04:56:08 2025] [visual] Font loaded
[Fri Apr 25 04:56:09 2025] [visual] Window resized to 1920x946
[Fri Apr 25 04:56:11 2025] [visual] Window resized to 1500x1200
[Fri Apr 25 04:56:13 2025] [visual] Fullscreen enabled
[Fri Apr 25 04:56:13 2025] [visual] Window resized to 1920x1080
[Fri Apr 25 04:56:13 2025] [visual] Fullscreen disabled
[Fri Apr 25 04:56:13 2025] [visual] Window resized to 1500x1200
[Fri Apr 25 04:56:18 2025] [visual] Total nodes displayed: 1
[Fri Apr 25 04:56:20 2025] [visual] Total nodes displayed: 3
[Fri Apr 25 04:56:21 2025] [visual] Total nodes displayed: 4
[Fri Apr 25 04:56:21 2025] [visual] Scale decreased to 0.9x
[Fri Apr 25 04:56:21 2025] [visual] Scale decreased to 0.8x
[Fri Apr 25 04:56:22 2025] [visual] Total nodes displayed: 5
[Fri Apr 25 04:56:22 2025] [visual] Scale increased to 0.9x
[Fri Apr 25 04:56:22 2025] [visual] Scale increased to 1.0x
[Fri Apr 25 04:56:23 2025] [visual] Total nodes displayed: 6
[Fri Apr 25 04:56:24 2025] [visual] Total nodes displayed: 7
[Fri Apr 25 04:56:25 2025] [visual] Total nodes displayed: 8
[Fri Apr 25 04:56:26 2025] [visual] Total nodes displayed: 9
[Fri Apr 25 04:56:27 2025] [visual] Total nodes displayed: 10
[Fri Apr 25 04:56:28 2025] [visual] Total nodes displayed: 11
[Fri Apr 25 04:56:29 2025] [visual] Total nodes displayed: 12
[Fri Apr 25 04:56:30 2025] [visual] Total nodes displayed: 13
[Fri Apr 25 04:56:31 2025] [visual] Total nodes displayed: 14
[Fri Apr 25 04:57:00 2025] [visual] Total nodes displayed: 16
[Fri Apr 25 04:57:04 2025] [visual] Total nodes displayed: 17
[Fri Apr 25 04:57:10 2025] [visual] Total nodes displayed: 18
[Fri Apr 25 04:57:20 2025] [visual] Total nodes displayed: 19
[Fri Apr 25 04:57:31 2025] [visual] Visualizer closed
[Fri Apr 25 04:57:39 2025] [visual] SDL initialized
[Fri Apr 25 04:57:39 2025] [visual] TTF initialized
[Fri Apr 25 04:57:39 2025] [visual] Window created
[Fri Apr 25 04:57:39 2025] [visual] Renderer created
[Fri Apr 25 04:57:39 2025] [visual] Font loaded
[Fri Apr 25 04:57:39 2025] [visual] Window resized to 1920x946
[Fri Apr 25 04:57:41 2025] [visual] Window resized to 1500x1200
[Fri Apr 25 04:57:50 2025] [visual] Visualizer closed
[Fri Apr 25 04:58:41 2025] [visual] SDL initialized
[Fri Apr 25 04:58:41 2025] [visual] TTF initialized
[Fri Apr 25 04:58:42 2025] [visual] Window created
[Fri Apr 25 04:58:42 2025] [visual] Renderer created
[Fri Apr 25 04:58:42 2025] [visual] Font loaded
[Fri Apr 25 04:58:42 2025] [visual] Window resized to 1920x946
[Fri Apr 25 04:58:44 2025] [visual] Window resized to 1500x1200
[Fri Apr 25 04:58:48 2025] [visual] Window resized to 1466x1173
[Fri Apr 25 04:58:58 2025] [visual] Window resized to 1119x873
[Fri Apr 25 04:59:09 2025] [visual] Window resized to 690x484
[Fri Apr 25 04:59:50 2025] [visual] Visualizer closed
[Fri Apr 25 05:01:43 2025] [visual] SDL initialized
[Fri Apr 25 05:01:43 2025] [visual] TTF initialized
[Fri Apr 25 05:01:43 2025] [visual] Window created
[Fri Apr 25 05:01:44 2025] [visual] Renderer created
[Fri Apr 25 05:01:44 2025] [visual] Font loaded
[Fri Apr 25 05:01:44 2025] [visual] Window resized to 1920x946
[Fri Apr 25 05:01:46 2025] [visual] Window resized to 1500x1200
[Fri Apr 25 05:01:59 2025] [visual] Window resized to 846x579
[Fri Apr 25 05:03:03 2025] [visual] Window resized to 830x568
[Fri Apr 25 05:03:29 2025] [visual] Visualizer closed
[Fri Apr 25 05:08:46 2025] [visual] SDL initialized
[Fri Apr 25 05:08:46 2025] [visual] TTF initialized
[Fri Apr 25 05:08:46 2025] [visual] Window created
[Fri Apr 25 05:08:46 2025] [visual] Renderer created
[Fri Apr 25 05:08:46 2025] [visual] Font loaded
[Fri Apr 25 05:08:51 2025] [visual] Visualizer closed
[Fri Apr 25 05:09:32 2025] [visual] SDL initialized
[Fri Apr 25 05:09:32 2025] [visual] TTF initialized
[Fri Apr 25 05:09:32 2025] [visual] Window created
[Fri Apr 25 05:09:32 2025] [visual] Renderer created
[Fri Apr 25 05:09:32 2025] [visual] Font loaded
[Fri Apr 25 05:09:40 2025] [visual] Total nodes displayed: 1
[Fri Apr 25 05:09:41 2025] [visual] Total nodes displayed: 2
[Fri Apr 25 05:10:02 2025] [visual] Window resized to 603x413
[Fri Apr 25 05:10:09 2025] [visual] Window resized to 510x326
[Fri Apr 25 05:10:10 2025] [visual] Window resized to 481x283
[Fri Apr 25 05:12:51 2025] [visual] Total nodes displayed: 3
[Fri Apr 25 05:13:08 2025] [visual] Scale decreased to 0.9x
[Fri Apr 25 05:13:10 2025] [visual] Scale decreased to 0.8x
[Fri Apr 25 05:13:14 2025] [visual] Window resized to 481x153
[Fri Apr 25 05:13:15 2025] [visual] Window resized to 468x153
[Fri Apr 25 05:13:16 2025] [visual] Window resized to 436x153
[Fri Apr 25 05:13:16 2025] [visual] Window resized to 433x153
[Fri Apr 25 05:13:16 2025] [visual] Window resized to 424x153
[Fri Apr 25 05:13:16 2025] [visual] Window resized to 419x153
[Fri Apr 25 05:13:16 2025] [visual] Window resized to 406x153
[Fri Apr 25 05:13:17 2025] [visual] Window resized to 394x153
[Fri Apr 25 05:13:17 2025] [visual] Window resized to 390x153
[Fri Apr 25 05:13:18 2025] [visual] Scale increased to 0.9x
[Fri Apr 25 05:13:22 2025] [visual] Window resized to 383x148
[Fri Apr 25 05:13:22 2025] [visual] Window resized to 379x145
[Fri Apr 25 05:13:24 2025] [visual] Window resized to 354x145
[Fri Apr 25 05:13:24 2025] [visual] Window resized to 353x145
[Fri Apr 25 05:13:24 2025] [visual] Window resized to 351x145
[Fri Apr 25 05:13:24 2025] [visual] Window resized to 341x145
[Fri Apr 25 05:13:25 2025] [visual] Window resized to 348x145
[Fri Apr 25 05:13:25 2025] [visual] Window resized to 360x145
[Fri Apr 25 05:13:25 2025] [visual] Window resized to 361x145
[Fri Apr 25 05:13:25 2025] [visual] Window resized to 364x145
[Fri Apr 25 05:13:25 2025] [visual] Window resized to 366x145
[Fri Apr 25 05:13:26 2025] [visual] Window resized to 370x145
[Fri Apr 25 05:13:26 2025] [visual] Window resized to 373x145
[Fri Apr 25 05:15:24 2025] [visual] Total nodes displayed: 4
[Fri Apr 25 05:15:31 2025] [visual] Scale decreased to 0.8x
[Fri Apr 25 05:15:31 2025] [visual] Scale decreased to 0.7x
[Fri Apr 25 05:15:32 2025] [visual] Scale decreased to 0.6x
[Fri Apr 25 05:15:33 2025] [visual] Scale increased to 0.7x
[Fri Apr 25 05:15:33 2025] [visual] Scale increased to 0.8x
[Fri Apr 25 05:15:34 2025] [visual] Scale increased to 0.9x
[Fri Apr 25 05:15:37 2025] [visual] Window resized to 401x184
[Fri Apr 25 05:15:38 2025] [visual] Window resized to 416x206
[Fri Apr 25 05:15:40 2025] [visual] Scale increased to 1.0x
[Fri Apr 25 05:15:44 2025] [visual] Window resized to 416x226
[Fri Apr 25 05:22:15 2025] [visual] Window resized to 838x506
[Fri Apr 25 05:22:20 2025] [visual] Total nodes displayed: 5
[Fri Apr 25 05:22:21 2025] [visual] Total nodes displayed: 6
[Fri Apr 25 05:22:22 2025] [visual] Total nodes displayed: 7
[Fri Apr 25 05:22:23 2025] [visual] Total nodes displayed: 8
[Fri Apr 25 05:22:24 2025] [visual] Total nodes displayed: 9
[Fri Apr 25 05:22:25 2025] [visual] Total nodes displayed: 10
[Fri Apr 25 05:22:27 2025] [visual] Total nodes displayed: 11
[Fri Apr 25 05:22:29 2025] [visual] Total nodes displayed: 12
[Fri Apr 25 05:22:31 2025] [visual] Total nodes displayed: 14
[Fri Apr 25 05:22:32 2025] [visual] Total nodes displayed: 15
[Fri Apr 25 05:22:34 2025] [visual] Total nodes displayed: 17
[Fri Apr 25 05:22:37 2025] [visual] Window resized to 949x550
[Fri Apr 25 05:22:40 2025] [visual] Window resized to 1063x650
[Fri Apr 25 05:22:45 2025] [visual] Scale decreased to 0.9x
[Fri Apr 25 05:24:19 2025] [visual] Total nodes displayed: 18
[Fri Apr 25 05:24:23 2025] [visual] Total nodes displayed: 19
[Fri Apr 25 05:24:24 2025] [visual] Total nodes displayed: 20
[Fri Apr 25 05:24:25 2025] [visual] Total nodes displayed: 21
[Fri Apr 25 05:24:26 2025] [visual] Total nodes displayed: 22
[Fri Apr 25 05:24:27 2025] [visual] Total nodes displayed: 23
[Fri Apr 25 05:24:28 2025] [visual] Total nodes displayed: 24
[Fri Apr 25 05:24:29 2025] [visual] Total nodes displayed: 25
[Fri Apr 25 05:24:30 2025] [visual] Total nodes displayed: 26
[Fri Apr 25 05:24:33 2025] [visual] Total nodes displayed: 27
[Fri Apr 25 05:24:35 2025] [visual] Total nodes displayed: 28
[Fri Apr 25 05:24:36 2025] [visual] Total nodes displayed: 29
[Fri Apr 25 05:24:38 2025] [visual] Total nodes displayed: 30
[Fri Apr 25 05:24:39 2025] [visual] Visualizer closed
[Fri Apr 25 05:24:44 2025] [visual] SDL initialized
[Fri Apr 25 05:24:44 2025] [visual] TTF initialized
[Fri Apr 25 05:24:44 2025] [visual] Window created
[Fri Apr 25 05:24:44 2025] [visual] Renderer created
[Fri Apr 25 05:24:44 2025] [visual] Font loaded
[Fri Apr 25 05:24:49 2025] [visual] Total nodes displayed: 1
[Fri Apr 25 05:24:51 2025] [visual] Total nodes displayed: 3
[Fri Apr 25 05:24:52 2025] [visual] Total nodes displayed: 4
[Fri Apr 25 05:24:53 2025] [visual] Total nodes displayed: 5
[Fri Apr 25 05:24:54 2025] [visual] Total nodes displayed: 6
[Fri Apr 25 05:24:54 2025] [visual] Scale decreased to 0.9x
[Fri Apr 25 05:24:55 2025] [visual] Total nodes displayed: 7
[Fri Apr 25 05:24:56 2025] [visual] Scale decreased to 0.8x
[Fri Apr 25 05:24:57 2025] [visual] Total nodes displayed: 9
[Fri Apr 25 05:24:58 2025] [visual] Total nodes displayed: 10
[Fri Apr 25 05:24:58 2025] [visual] Scale decreased to 0.7x
[Fri Apr 25 05:24:59 2025] [visual] Total nodes displayed: 11
[Fri Apr 25 05:25:00 2025] [visual] Total nodes displayed: 12
[Fri Apr 25 05:25:01 2025] [visual] Scale increased to 0.8x
[Fri Apr 25 05:25:01 2025] [visual] Total nodes displayed: 13
[Fri Apr 25 05:25:02 2025] [visual] Total nodes displayed: 14
[Fri Apr 25 05:25:03 2025] [visual] Total nodes displayed: 15
[Fri Apr 25 05:25:04 2025] [visual] Scale increased to 0.9x
[Fri Apr 25 05:25:04 2025] [visual] Scale decreased to 0.8x
[Fri Apr 25 05:25:04 2025] [visual] Total nodes displayed: 16
[Fri Apr 25 05:25:05 2025] [visual] Scale increased to 0.9x
[Fri Apr 25 05:25:06 2025] [visual] Scale decreased to 0.8x
[Fri Apr 25 05:25:06 2025] [visual] Total nodes displayed: 18
[Fri Apr 25 05:25:07 2025] [visual] Total nodes displayed: 19
[Fri Apr 25 05:25:08 2025] [visual] Total nodes displayed: 20
[Fri Apr 25 05:25:09 2025] [visual] Total nodes displayed: 21
[Fri Apr 25 05:25:10 2025] [visual] Total nodes displayed: 22
[Fri Apr 25 05:25:11 2025] [visual] Total nodes displayed: 23
[Fri Apr 25 05:25:12 2025] [visual] Total nodes displayed: 24
[Fri Apr 25 05:25:13 2025] [visual] Total nodes displayed: 25
[Fri Apr 25 05:25:14 2025] [visual] Total nodes displayed: 26
[Fri Apr 25 05:25:15 2025] [visual] Scale decreased to 0.7x
[Fri Apr 25 05:25:16 2025] [visual] Scale increased to 0.8x
[Fri Apr 25 05:25:16 2025] [visual] Total nodes displayed: 28
[Fri Apr 25 05:25:17 2025] [visual] Total nodes displayed: 29
[Fri Apr 25 05:25:18 2025] [visual] Scale increased to 0.9x
[Fri Apr 25 05:25:19 2025] [visual] Total nodes displayed: 31
[Fri Apr 25 05:25:19 2025] [visual] Scale increased to 1.0x
[Fri Apr 25 05:25:20 2025] [visual] Total nodes displayed: 32
[Fri Apr 25 05:25:21 2025] [visual] Total nodes displayed: 33
[Fri Apr 25 05:25:24 2025] [visual] Window resized to 983x566
[Fri Apr 25 05:25:24 2025] [visual] Total nodes displayed: 36
[Fri Apr 25 05:25:26 2025] [visual] Total nodes displayed: 38
[Fri Apr 25 05:25:26 2025] [visual] Window resized to 1128x566
[Fri Apr 25 05:25:27 2025] [visual] Total nodes displayed: 39
[Fri Apr 25 05:25:29 2025] [visual] Total nodes displayed: 41
[Fri Apr 25 05:25:30 2025] [visual] Total nodes displayed: 42
[Fri Apr 25 05:25:31 2025] [visual] Total nodes displayed: 43
[Fri Apr 25 05:25:32 2025] [visual] Total nodes displayed: 44
[Fri Apr 25 05:25:33 2025] [visual] Total nodes displayed: 45
[Fri Apr 25 05:25:35 2025] [visual] Total nodes displayed: 47
[Fri Apr 25 05:25:36 2025] [visual] Total nodes displayed: 48
[Fri Apr 25 05:25:37 2025] [visual] Total nodes displayed: 49
[Fri Apr 25 05:25:38 2025] [visual] Total nodes displayed: 50
[Fri Apr 25 05:25:39 2025] [visual] Total nodes displayed: 51
[Fri Apr 25 05:25:40 2025] [visual] Total nodes displayed: 52
[Fri Apr 25 05:25:42 2025] [visual] Total nodes displayed: 54
[Fri Apr 25 05:25:44 2025] [visual] Total nodes displayed: 56
[Fri Apr 25 05:25:47 2025] [visual] Window resized to 1230x644
[Fri Apr 25 05:25:47 2025] [visual] Total nodes displayed: 59
[Fri Apr 25 05:25:49 2025] [visual] Total nodes displayed: 61
[Fri Apr 25 05:25:49 2025] [visual] Scale decreased to 0.9x
[Fri Apr 25 05:25:50 2025] [visual] Scale decreased to 0.8x
[Fri Apr 25 05:25:50 2025] [visual] Scale decreased to 0.7x
[Fri Apr 25 05:25:51 2025] [visual] Scale increased to 0.8x
[Fri Apr 25 05:25:51 2025] [visual] Total nodes displayed: 63
[Fri Apr 25 05:25:51 2025] [visual] Scale increased to 0.9x
[Fri Apr 25 05:25:52 2025] [visual] Total nodes displayed: 64
[Fri Apr 25 05:25:53 2025] [visual] Total nodes displayed: 65
[Fri Apr 25 05:25:54 2025] [visual] Total nodes displayed: 66
[Fri Apr 25 05:25:55 2025] [visual] Total nodes displayed: 67
[Fri Apr 25 05:25:57 2025] [visual] Total nodes displayed: 69
[Fri Apr 25 05:25:58 2025] [visual] Total nodes displayed: 70
[Fri Apr 25 05:25:59 2025] [visual] Total nodes displayed: 71
[Fri Apr 25 05:26:00 2025] [visual] Total nodes displayed: 72
[Fri Apr 25 05:26:02 2025] [visual] Total nodes displayed: 74
[Fri Apr 25 05:26:03 2025] [visual] Visualizer closed
[Fri Apr 25 05:27:44 2025] [visual] SDL initialized
[Fri Apr 25 05:27:44 2025] [visual] TTF initialized
[Fri Apr 25 05:27:44 2025] [visual] Window created
[Fri Apr 25 05:27:44 2025] [visual] Renderer created
[Fri Apr 25 05:27:44 2025] [visual] Font loaded
[Fri Apr 25 05:27:48 2025] [visual] Total nodes displayed: 1
[Fri Apr 25 05:27:50 2025] [visual] Total nodes displayed: 2
[Fri Apr 25 05:28:02 2025] [visual] Window resized to 549x355
[Fri Apr 25 05:28:07 2025] [visual] Window resized to 471x255
[Fri Apr 25 05:32:03 2025] [visual] Visualizer closed
[Fri Apr 25 05:32:06 2025] [visual] SDL initialized
[Fri Apr 25 05:32:06 2025] [visual] TTF initialized
[Fri Apr 25 05:32:06 2025] [visual] Window created
[Fri Apr 25 05:32:06 2025] [visual] Renderer created
[Fri Apr 25 05:32:06 2025] [visual] Font loaded
[Fri Apr 25 05:32:08 2025] [visual] Visualizer closed
[Fri Apr 25 05:42:51 2025] [visual] SDL initialized
[Fri Apr 25 05:42:51 2025] [visual] TTF initialized
[Fri Apr 25 05:42:51 2025] [visual] Window created
[Fri Apr 25 05:42:51 2025] [visual] Renderer created
[Fri Apr 25 05:42:51 2025] [visual] Font loaded
[Fri Apr 25 05:43:13 2025] [visual] Window resized to 754x579
[Fri Apr 25 05:43:19 2025] [visual] Window resized to 496x300
[Fri Apr 25 05:43:19 2025] [visual] Window resized to 476x266
[Fri Apr 25 05:43:41 2025] [visual] Visualizer closed
